<?xml version="1.0" encoding="UTF-8"?>
<!-- Generated by org.testng.reporters.JUnitXMLReporter -->
<testsuite hostname="LAPTOP-VUUC1B2Q" name="Test" tests="6" failures="0" timestamp="14 Apr 2020 13:13:43 GMT" time="7.369" errors="0">
  <testcase name="VerifySizeDress" time="3.063" classname="com.app.tests.HomePageTestSize"/>
  <testcase name="VerifySizeTshirt" time="1.892" classname="com.app.tests.HomePageTestSize"/>
  <testcase name="VerifySizeWomen" time="2.34" classname="com.app.tests.HomePageTestSize"/>
  <testcase name="VerifyDressTag" time="0.021" classname="com.app.tests.HomePageTest"/>
  <testcase name="VerifyTshirtTag" time="0.019" classname="com.app.tests.HomePageTest"/>
  <testcase name="VerifyWomenTag" time="0.019" classname="com.app.tests.HomePageTest"/>
</testsuite> <!-- Test -->
